<?xml version='1.0'?>
<ns2:test-suite xmlns:ns2='urn:model.allure.qatools.yandex.ru' start='1625328545461' stop='1625328589481'>
    <name>open Swag Labs Page</name>
    <title>open Swag Labs Page</title>
    <test-cases>
        <test-case start='1625328545462' status='passed' stop='1625328549364'>
            <name>Validate Login credentials </name>
            <title>Validate Login credentials </title>
            <labels>
                <label name='language' value='javascript'/>
                <label name='framework' value='wdio'/>
                <label name='thread' value='0-0'/>
            </labels>
            <parameters>
                <parameter kind='argument' name='browser' value='chrome-91.0.4472.124'/>
            </parameters>
            <steps>
                <step start='1625328545470' status='passed' stop='1625328546437'>
                    <name>POST /session/:sessionId/url</name>
                    <title>POST /session/:sessionId/url</title>
                    <attachments>
                        <attachment title='Request' source='c551fdfa-e259-4962-aee4-944235f0049e-attachment.json' type='application/json' size='41'/>
                    </attachments>
                    <steps/>
                </step>
                <step start='1625328546437' status='passed' stop='1625328546753'>
                    <name>POST /session/:sessionId/window/maximize</name>
                    <title>POST /session/:sessionId/window/maximize</title>
                    <attachments>
                        <attachment title='Response' source='eef30414-5427-4f66-85a5-4f58eb8401f3-attachment.json' type='application/json' size='58'/>
                    </attachments>
                    <steps/>
                </step>
                <step start='1625328546759' status='passed' stop='1625328546832'>
                    <name>GET /session/:sessionId/title</name>
                    <title>GET /session/:sessionId/title</title>
                    <attachments>
                        <attachment title='Response' source='e538f1ed-148a-4c98-95d3-a5a959e8ae56-attachment.json' type='application/json' size='11'/>
                    </attachments>
                    <steps/>
                </step>
                <step start='1625328547852' status='passed' stop='1625328547907'>
                    <name>POST /session/:sessionId/element</name>
                    <title>POST /session/:sessionId/element</title>
                    <attachments>
                        <attachment title='Request' source='030cd82b-13a6-48d5-9b41-2744926784c9-attachment.json' type='application/json' size='69'/>
                        <attachment title='Response' source='5864c5e8-472f-47c4-8c0e-a6e114d90d0f-attachment.json' type='application/json' size='83'/>
                    </attachments>
                    <steps/>
                </step>
                <step start='1625328547925' status='passed' stop='1625328548069'>
                    <name>POST /session/:sessionId/execute/sync</name>
                    <title>POST /session/:sessionId/execute/sync</title>
                    <attachments>
                        <attachment title='Request' source='9b84b572-7be7-48d1-8209-12c7bb4dba21-attachment.json' type='application/json' size='8337'/>
                        <attachment title='Response' source='50d12b86-ea11-47d8-8cfe-22f8c4420255-attachment.json' type='application/json' size='4'/>
                    </attachments>
                    <steps/>
                </step>
                <step start='1625328548070' status='passed' stop='1625328548173'>
                    <name>POST /session/:sessionId/execute/sync</name>
                    <title>POST /session/:sessionId/execute/sync</title>
                    <attachments>
                        <attachment title='Request' source='b0d7cd01-da5e-42cd-b614-1188b472b986-attachment.json' type='application/json' size='5649'/>
                        <attachment title='Response' source='ab63cb0c-0801-477e-b586-9054e590d4c2-attachment.json' type='application/json' size='4'/>
                    </attachments>
                    <steps/>
                </step>
                <step start='1625328548173' status='passed' stop='1625328548216'>
                    <name>POST /session/:sessionId/element</name>
                    <title>POST /session/:sessionId/element</title>
                    <attachments>
                        <attachment title='Request' source='607c74cd-6249-4593-b320-8d6351f73ec5-attachment.json' type='application/json' size='69'/>
                        <attachment title='Response' source='861382e2-a610-4223-81f8-0b854afe7304-attachment.json' type='application/json' size='83'/>
                    </attachments>
                    <steps/>
                </step>
                <step start='1625328548225' status='passed' stop='1625328548405'>
                    <name>POST /session/:sessionId/element/b1a38513-ac5c-4f0e-8a75-3058ec91e957/clear</name>
                    <title>POST /session/:sessionId/element/b1a38513-ac5c-4f0e-8a75-3058ec91e957/clear</title>
                    <attachments/>
                    <steps/>
                </step>
                <step start='1625328548412' status='passed' stop='1625328548601'>
                    <name>POST /session/:sessionId/element/b1a38513-ac5c-4f0e-8a75-3058ec91e957/value</name>
                    <title>POST /session/:sessionId/element/b1a38513-ac5c-4f0e-8a75-3058ec91e957/value</title>
                    <attachments>
                        <attachment title='Request' source='4f5e0cc7-bc4d-411b-ab82-09ad89906f92-attachment.json' type='application/json' size='29'/>
                    </attachments>
                    <steps/>
                </step>
                <step start='1625328548605' status='passed' stop='1625328548637'>
                    <name>POST /session/:sessionId/element</name>
                    <title>POST /session/:sessionId/element</title>
                    <attachments>
                        <attachment title='Request' source='c5b91211-10d0-4c09-ba1e-d8b8157191e0-attachment.json' type='application/json' size='69'/>
                        <attachment title='Response' source='c8e8a792-6df8-4144-828e-445b1e92698b-attachment.json' type='application/json' size='83'/>
                    </attachments>
                    <steps/>
                </step>
                <step start='1625328548641' status='passed' stop='1625328548728'>
                    <name>POST /session/:sessionId/element/39a8f60c-4042-4567-aa5b-0d162e8c5b99/clear</name>
                    <title>POST /session/:sessionId/element/39a8f60c-4042-4567-aa5b-0d162e8c5b99/clear</title>
                    <attachments/>
                    <steps/>
                </step>
                <step start='1625328548729' status='passed' stop='1625328548930'>
                    <name>POST /session/:sessionId/element/39a8f60c-4042-4567-aa5b-0d162e8c5b99/value</name>
                    <title>POST /session/:sessionId/element/39a8f60c-4042-4567-aa5b-0d162e8c5b99/value</title>
                    <attachments>
                        <attachment title='Request' source='ed789bff-ddbe-44e4-baae-1b63a37de7b6-attachment.json' type='application/json' size='28'/>
                    </attachments>
                    <steps/>
                </step>
                <step start='1625328548930' status='passed' stop='1625328548976'>
                    <name>POST /session/:sessionId/element</name>
                    <title>POST /session/:sessionId/element</title>
                    <attachments>
                        <attachment title='Request' source='4aed6d64-d9df-46dd-8866-2e7836f6d44e-attachment.json' type='application/json' size='71'/>
                        <attachment title='Response' source='d42c0cf2-991d-4747-87e0-97ff046f306b-attachment.json' type='application/json' size='83'/>
                    </attachments>
                    <steps/>
                </step>
                <step start='1625328548980' status='passed' stop='1625328549362'>
                    <name>POST /session/:sessionId/element/1ae38164-6e9b-434e-88d1-75cec91d2abc/click</name>
                    <title>POST /session/:sessionId/element/1ae38164-6e9b-434e-88d1-75cec91d2abc/click</title>
                    <attachments/>
                    <steps/>
                </step>
            </steps>
            <attachments/>
        </test-case>
        <test-case start='1625328549364' status='failed' stop='1625328559396'>
            <name>should verify products title page and add to cart</name>
            <title>should verify products title page and add to cart</title>
            <labels>
                <label name='language' value='javascript'/>
                <label name='framework' value='wdio'/>
                <label name='thread' value='0-0'/>
            </labels>
            <parameters>
                <parameter kind='argument' name='browser' value='chrome-91.0.4472.124'/>
            </parameters>
            <steps>
                <step start='1625328559390' status='failed' stop='1625328559395'>
                    <name>GET /session/:sessionId/screenshot</name>
                    <title>GET /session/:sessionId/screenshot</title>
                    <attachments/>
                    <steps/>
                </step>
            </steps>
            <attachments/>
            <failure>
                <message>Expect  to have text containing
                
                Expected: "PRODUCTS"
                Received: undefined</message>
                <stack-trace>Error: Expect  to have text containing
                
                Expected: "PRODUCTS"
                Received: undefined
                    at Context.&lt;anonymous> (C:\Users\bvuttur\Desktop\Application\test\specs\applicationtest.js:14:43)
                    at Context.executeAsync (C:\Users\bvuttur\Desktop\Application\node_modules\@wdio\utils\build\shim.js:136:25)
                    at Context.testFrameworkFnWrapper (C:\Users\bvuttur\Desktop\Application\node_modules\@wdio\utils\build\test-framework\testFnWrapper.js:45:32)</stack-trace>
            </failure>
        </test-case>
        <test-case start='1625328559404' status='failed' stop='1625328569414'>
            <name>should verify title on cart page and navigating to checkout</name>
            <title>should verify title on cart page and navigating to checkout</title>
            <labels>
                <label name='language' value='javascript'/>
                <label name='framework' value='wdio'/>
                <label name='thread' value='0-0'/>
            </labels>
            <parameters>
                <parameter kind='argument' name='browser' value='chrome-91.0.4472.124'/>
            </parameters>
            <steps>
                <step start='1625328569411' status='failed' stop='1625328569414'>
                    <name>GET /session/:sessionId/screenshot</name>
                    <title>GET /session/:sessionId/screenshot</title>
                    <attachments/>
                    <steps/>
                </step>
            </steps>
            <attachments>
                <attachment title='Screenshot' source='335ae5ea-7680-404e-bd06-3629baf0ad6f-attachment.png' type='image/png' size='679009'/>
            </attachments>
            <failure>
                <message>Expect  to have text containing
                
                Expected: "YOUR CART"
                Received: undefined</message>
                <stack-trace>Error: Expect  to have text containing
                
                Expected: "YOUR CART"
                Received: undefined
                    at Context.&lt;anonymous> (C:\Users\bvuttur\Desktop\Application\test\specs\applicationtest.js:22:40)
                    at Context.executeAsync (C:\Users\bvuttur\Desktop\Application\node_modules\@wdio\utils\build\shim.js:136:25)
                    at Context.testFrameworkFnWrapper (C:\Users\bvuttur\Desktop\Application\node_modules\@wdio\utils\build\test-framework\testFnWrapper.js:45:32)</stack-trace>
            </failure>
        </test-case>
        <test-case start='1625328569423' status='failed' stop='1625328579440'>
            <name>Verifying checkout page</name>
            <title>Verifying checkout page</title>
            <labels>
                <label name='language' value='javascript'/>
                <label name='framework' value='wdio'/>
                <label name='thread' value='0-0'/>
            </labels>
            <parameters>
                <parameter kind='argument' name='browser' value='chrome-91.0.4472.124'/>
            </parameters>
            <steps>
                <step start='1625328579435' status='failed' stop='1625328579440'>
                    <name>GET /session/:sessionId/screenshot</name>
                    <title>GET /session/:sessionId/screenshot</title>
                    <attachments/>
                    <steps/>
                </step>
            </steps>
            <attachments/>
            <failure>
                <message>Expect  to have text containing
                
                Expected: "CHECKOUT: YOUR INFORMATION"
                Received: undefined</message>
                <stack-trace>Error: Expect  to have text containing
                
                Expected: "CHECKOUT: YOUR INFORMATION"
                Received: undefined
                    at Context.&lt;anonymous> (C:\Users\bvuttur\Desktop\Application\test\specs\applicationtest.js:29:44)
                    at Context.executeAsync (C:\Users\bvuttur\Desktop\Application\node_modules\@wdio\utils\build\shim.js:136:25)
                    at Context.testFrameworkFnWrapper (C:\Users\bvuttur\Desktop\Application\node_modules\@wdio\utils\build\test-framework\testFnWrapper.js:45:32)</stack-trace>
            </failure>
        </test-case>
        <test-case start='1625328579444' status='failed' stop='1625328589472'>
            <name>should verify final page and click on finish</name>
            <title>should verify final page and click on finish</title>
            <labels>
                <label name='language' value='javascript'/>
                <label name='framework' value='wdio'/>
                <label name='thread' value='0-0'/>
            </labels>
            <parameters>
                <parameter kind='argument' name='browser' value='chrome-91.0.4472.124'/>
            </parameters>
            <steps>
                <step start='1625328589463' status='failed' stop='1625328589472'>
                    <name>GET /session/:sessionId/screenshot</name>
                    <title>GET /session/:sessionId/screenshot</title>
                    <attachments/>
                    <steps/>
                </step>
            </steps>
            <attachments/>
            <failure>
                <message>Expect  to have text containing
                
                Expected: "CHECKOUT: OVERVIEW"
                Received: undefined</message>
                <stack-trace>Error: Expect  to have text containing
                
                Expected: "CHECKOUT: OVERVIEW"
                Received: undefined
                    at Context.&lt;anonymous> (C:\Users\bvuttur\Desktop\Application\test\specs\applicationtest.js:38:42)
                    at Context.executeAsync (C:\Users\bvuttur\Desktop\Application\node_modules\@wdio\utils\build\shim.js:136:25)
                    at Context.testFrameworkFnWrapper (C:\Users\bvuttur\Desktop\Application\node_modules\@wdio\utils\build\test-framework\testFnWrapper.js:45:32)</stack-trace>
            </failure>
        </test-case>
    </test-cases>
</ns2:test-suite>