<?xml version='1.0'?>
<ns2:test-suite xmlns:ns2='urn:model.allure.qatools.yandex.ru' start='1625328390945' stop='1625328435308'>
    <name>open Swag Labs Page</name>
    <title>open Swag Labs Page</title>
    <test-cases>
        <test-case start='1625328390946' status='passed' stop='1625328395193'>
            <name>Validate Login credentials </name>
            <title>Validate Login credentials </title>
            <labels>
                <label name='language' value='javascript'/>
                <label name='framework' value='wdio'/>
                <label name='thread' value='0-0'/>
            </labels>
            <parameters>
                <parameter kind='argument' name='browser' value='chrome-91.0.4472.124'/>
            </parameters>
            <steps>
                <step start='1625328390951' status='passed' stop='1625328392180'>
                    <name>POST /session/:sessionId/url</name>
                    <title>POST /session/:sessionId/url</title>
                    <attachments>
                        <attachment title='Request' source='2685d03e-7b22-44de-a187-2c3a9b03e168-attachment.json' type='application/json' size='41'/>
                    </attachments>
                    <steps/>
                </step>
                <step start='1625328392180' status='passed' stop='1625328392413'>
                    <name>POST /session/:sessionId/window/maximize</name>
                    <title>POST /session/:sessionId/window/maximize</title>
                    <attachments>
                        <attachment title='Response' source='9a6a2971-3204-4093-946f-9067efd3e029-attachment.json' type='application/json' size='58'/>
                    </attachments>
                    <steps/>
                </step>
                <step start='1625328392418' status='passed' stop='1625328392519'>
                    <name>GET /session/:sessionId/title</name>
                    <title>GET /session/:sessionId/title</title>
                    <attachments>
                        <attachment title='Response' source='1f44599b-5c10-4660-b387-cab26fa31b37-attachment.json' type='application/json' size='11'/>
                    </attachments>
                    <steps/>
                </step>
                <step start='1625328393528' status='passed' stop='1625328393602'>
                    <name>POST /session/:sessionId/element</name>
                    <title>POST /session/:sessionId/element</title>
                    <attachments>
                        <attachment title='Request' source='3c910c67-b4e9-45a3-8899-7c1b05b6a647-attachment.json' type='application/json' size='69'/>
                        <attachment title='Response' source='f96ca633-9b59-4b0c-9d39-0846336625f9-attachment.json' type='application/json' size='83'/>
                    </attachments>
                    <steps/>
                </step>
                <step start='1625328393620' status='passed' stop='1625328393745'>
                    <name>POST /session/:sessionId/execute/sync</name>
                    <title>POST /session/:sessionId/execute/sync</title>
                    <attachments>
                        <attachment title='Request' source='3546e31b-a767-47b3-bf2d-fe0e75b44fd3-attachment.json' type='application/json' size='8337'/>
                        <attachment title='Response' source='671a429d-21da-4494-a676-0f1efc9adad1-attachment.json' type='application/json' size='4'/>
                    </attachments>
                    <steps/>
                </step>
                <step start='1625328393745' status='passed' stop='1625328393855'>
                    <name>POST /session/:sessionId/execute/sync</name>
                    <title>POST /session/:sessionId/execute/sync</title>
                    <attachments>
                        <attachment title='Request' source='e077bdea-4848-4133-92d4-8c2ec49a7cd2-attachment.json' type='application/json' size='5649'/>
                        <attachment title='Response' source='2a38856d-65f2-4c67-b496-d447c1719d10-attachment.json' type='application/json' size='4'/>
                    </attachments>
                    <steps/>
                </step>
                <step start='1625328393856' status='passed' stop='1625328393946'>
                    <name>POST /session/:sessionId/element</name>
                    <title>POST /session/:sessionId/element</title>
                    <attachments>
                        <attachment title='Request' source='32d6362f-e6f4-4529-9124-70ff1497667b-attachment.json' type='application/json' size='69'/>
                        <attachment title='Response' source='94a6f7e6-730f-49d0-b17e-a32688631fb8-attachment.json' type='application/json' size='83'/>
                    </attachments>
                    <steps/>
                </step>
                <step start='1625328393955' status='passed' stop='1625328394129'>
                    <name>POST /session/:sessionId/element/eb932893-821a-48e6-a429-bdcf3e59478e/clear</name>
                    <title>POST /session/:sessionId/element/eb932893-821a-48e6-a429-bdcf3e59478e/clear</title>
                    <attachments/>
                    <steps/>
                </step>
                <step start='1625328394137' status='passed' stop='1625328394404'>
                    <name>POST /session/:sessionId/element/eb932893-821a-48e6-a429-bdcf3e59478e/value</name>
                    <title>POST /session/:sessionId/element/eb932893-821a-48e6-a429-bdcf3e59478e/value</title>
                    <attachments>
                        <attachment title='Request' source='9420e3e4-ceac-4192-9654-623bcaca705b-attachment.json' type='application/json' size='29'/>
                    </attachments>
                    <steps/>
                </step>
                <step start='1625328394405' status='passed' stop='1625328394444'>
                    <name>POST /session/:sessionId/element</name>
                    <title>POST /session/:sessionId/element</title>
                    <attachments>
                        <attachment title='Request' source='7fbe4a89-4a94-4ddc-b856-1376a8c54225-attachment.json' type='application/json' size='69'/>
                        <attachment title='Response' source='88980e66-16ea-470d-8471-ab251da770b0-attachment.json' type='application/json' size='83'/>
                    </attachments>
                    <steps/>
                </step>
                <step start='1625328394449' status='passed' stop='1625328394558'>
                    <name>POST /session/:sessionId/element/607ae79c-0337-450e-b9c9-f854a15e8418/clear</name>
                    <title>POST /session/:sessionId/element/607ae79c-0337-450e-b9c9-f854a15e8418/clear</title>
                    <attachments/>
                    <steps/>
                </step>
                <step start='1625328394561' status='passed' stop='1625328394791'>
                    <name>POST /session/:sessionId/element/607ae79c-0337-450e-b9c9-f854a15e8418/value</name>
                    <title>POST /session/:sessionId/element/607ae79c-0337-450e-b9c9-f854a15e8418/value</title>
                    <attachments>
                        <attachment title='Request' source='fc4d805c-9bc3-4f7a-80a1-da648c21d5d8-attachment.json' type='application/json' size='28'/>
                    </attachments>
                    <steps/>
                </step>
                <step start='1625328394792' status='passed' stop='1625328394828'>
                    <name>POST /session/:sessionId/element</name>
                    <title>POST /session/:sessionId/element</title>
                    <attachments>
                        <attachment title='Request' source='64774c2a-5a71-46e1-82a0-d27ba55c45b0-attachment.json' type='application/json' size='71'/>
                        <attachment title='Response' source='a4c659e7-d961-425b-b7df-588acf5147c1-attachment.json' type='application/json' size='83'/>
                    </attachments>
                    <steps/>
                </step>
                <step start='1625328394835' status='passed' stop='1625328395191'>
                    <name>POST /session/:sessionId/element/cf4e21a3-c24d-4706-a7ed-f181160fd6ac/click</name>
                    <title>POST /session/:sessionId/element/cf4e21a3-c24d-4706-a7ed-f181160fd6ac/click</title>
                    <attachments/>
                    <steps/>
                </step>
            </steps>
            <attachments/>
        </test-case>
        <test-case start='1625328395193' status='failed' stop='1625328405212'>
            <name>should verify products title page and add to cart</name>
            <title>should verify products title page and add to cart</title>
            <labels>
                <label name='language' value='javascript'/>
                <label name='framework' value='wdio'/>
                <label name='thread' value='0-0'/>
            </labels>
            <parameters>
                <parameter kind='argument' name='browser' value='chrome-91.0.4472.124'/>
            </parameters>
            <steps>
                <step start='1625328405203' status='failed' stop='1625328405212'>
                    <name>GET /session/:sessionId/screenshot</name>
                    <title>GET /session/:sessionId/screenshot</title>
                    <attachments/>
                    <steps/>
                </step>
            </steps>
            <attachments/>
            <failure>
                <message>Expect  to have text containing
                
                Expected: "PRODUCTS"
                Received: undefined</message>
                <stack-trace>Error: Expect  to have text containing
                
                Expected: "PRODUCTS"
                Received: undefined
                    at Context.&lt;anonymous> (C:\Users\bvuttur\Desktop\Application\test\specs\applicationtest.js:14:43)
                    at Context.executeAsync (C:\Users\bvuttur\Desktop\Application\node_modules\@wdio\utils\build\shim.js:136:25)
                    at Context.testFrameworkFnWrapper (C:\Users\bvuttur\Desktop\Application\node_modules\@wdio\utils\build\test-framework\testFnWrapper.js:45:32)</stack-trace>
            </failure>
        </test-case>
        <test-case start='1625328405218' status='failed' stop='1625328415244'>
            <name>should verify title on cart page and navigating to checkout</name>
            <title>should verify title on cart page and navigating to checkout</title>
            <labels>
                <label name='language' value='javascript'/>
                <label name='framework' value='wdio'/>
                <label name='thread' value='0-0'/>
            </labels>
            <parameters>
                <parameter kind='argument' name='browser' value='chrome-91.0.4472.124'/>
            </parameters>
            <steps>
                <step start='1625328415236' status='failed' stop='1625328415244'>
                    <name>GET /session/:sessionId/screenshot</name>
                    <title>GET /session/:sessionId/screenshot</title>
                    <attachments/>
                    <steps/>
                </step>
            </steps>
            <attachments>
                <attachment title='Screenshot' source='cad42de3-3c03-44b7-8e94-a706ef8370e3-attachment.png' type='image/png' size='679009'/>
            </attachments>
            <failure>
                <message>Expect  to have text containing
                
                Expected: "YOUR CART"
                Received: undefined</message>
                <stack-trace>Error: Expect  to have text containing
                
                Expected: "YOUR CART"
                Received: undefined
                    at Context.&lt;anonymous> (C:\Users\bvuttur\Desktop\Application\test\specs\applicationtest.js:22:40)
                    at Context.executeAsync (C:\Users\bvuttur\Desktop\Application\node_modules\@wdio\utils\build\shim.js:136:25)
                    at Context.testFrameworkFnWrapper (C:\Users\bvuttur\Desktop\Application\node_modules\@wdio\utils\build\test-framework\testFnWrapper.js:45:32)</stack-trace>
            </failure>
        </test-case>
        <test-case start='1625328415253' status='failed' stop='1625328425277'>
            <name>Verifying checkout page</name>
            <title>Verifying checkout page</title>
            <labels>
                <label name='language' value='javascript'/>
                <label name='framework' value='wdio'/>
                <label name='thread' value='0-0'/>
            </labels>
            <parameters>
                <parameter kind='argument' name='browser' value='chrome-91.0.4472.124'/>
            </parameters>
            <steps>
                <step start='1625328425264' status='failed' stop='1625328425274'>
                    <name>GET /session/:sessionId/screenshot</name>
                    <title>GET /session/:sessionId/screenshot</title>
                    <attachments/>
                    <steps/>
                </step>
            </steps>
            <attachments/>
            <failure>
                <message>Expect  to have text containing
                
                Expected: "CHECKOUT: YOUR INFORMATION"
                Received: undefined</message>
                <stack-trace>Error: Expect  to have text containing
                
                Expected: "CHECKOUT: YOUR INFORMATION"
                Received: undefined
                    at Context.&lt;anonymous> (C:\Users\bvuttur\Desktop\Application\test\specs\applicationtest.js:29:44)
                    at Context.executeAsync (C:\Users\bvuttur\Desktop\Application\node_modules\@wdio\utils\build\shim.js:136:25)
                    at Context.testFrameworkFnWrapper (C:\Users\bvuttur\Desktop\Application\node_modules\@wdio\utils\build\test-framework\testFnWrapper.js:45:32)</stack-trace>
            </failure>
        </test-case>
        <test-case start='1625328425281' status='failed' stop='1625328435303'>
            <name>should verify final page and click on finish</name>
            <title>should verify final page and click on finish</title>
            <labels>
                <label name='language' value='javascript'/>
                <label name='framework' value='wdio'/>
                <label name='thread' value='0-0'/>
            </labels>
            <parameters>
                <parameter kind='argument' name='browser' value='chrome-91.0.4472.124'/>
            </parameters>
            <steps>
                <step start='1625328435292' status='failed' stop='1625328435303'>
                    <name>GET /session/:sessionId/screenshot</name>
                    <title>GET /session/:sessionId/screenshot</title>
                    <attachments/>
                    <steps/>
                </step>
            </steps>
            <attachments/>
            <failure>
                <message>Expect  to have text containing
                
                Expected: "CHECKOUT: OVERVIEW"
                Received: undefined</message>
                <stack-trace>Error: Expect  to have text containing
                
                Expected: "CHECKOUT: OVERVIEW"
                Received: undefined
                    at Context.&lt;anonymous> (C:\Users\bvuttur\Desktop\Application\test\specs\applicationtest.js:38:42)
                    at Context.executeAsync (C:\Users\bvuttur\Desktop\Application\node_modules\@wdio\utils\build\shim.js:136:25)
                    at Context.testFrameworkFnWrapper (C:\Users\bvuttur\Desktop\Application\node_modules\@wdio\utils\build\test-framework\testFnWrapper.js:45:32)</stack-trace>
            </failure>
        </test-case>
    </test-cases>
</ns2:test-suite>