<?xml version='1.0'?>
<ns2:test-suite xmlns:ns2='urn:model.allure.qatools.yandex.ru' start='1625382501101' stop='1625382501267'>
    <name>open sause demo page</name>
    <title>open sause demo page</title>
    <test-cases>
        <test-case start='1625382501101' status='broken' stop='1625382501117'>
            <name>should verify the page title then login</name>
            <title>should verify the page title then login</title>
            <labels>
                <label name='language' value='javascript'/>
                <label name='framework' value='wdio'/>
                <label name='thread' value='0-0'/>
            </labels>
            <parameters>
                <parameter kind='argument' name='browser' value='chrome-91.0.4472.124'/>
            </parameters>
            <steps>
                <step start='1625382501108' status='broken' stop='1625382501116'>
                    <name>GET /session/:sessionId/screenshot</name>
                    <title>GET /session/:sessionId/screenshot</title>
                    <attachments/>
                    <steps/>
                </step>
            </steps>
            <attachments/>
            <failure>
                <message>shop is not defined</message>
                <stack-trace>ReferenceError: shop is not defined
                    at Context.&lt;anonymous> (C:\Users\bvuttur\Desktop\Application\test\specs\sausedemotest.js:9:8)
                    at Context.executeAsync (C:\Users\bvuttur\Desktop\Application\node_modules\@wdio\utils\build\shim.js:136:25)
                    at Context.testFrameworkFnWrapper (C:\Users\bvuttur\Desktop\Application\node_modules\@wdio\utils\build\test-framework\testFnWrapper.js:45:32)</stack-trace>
            </failure>
        </test-case>
        <test-case start='1625382501119' status='broken' stop='1625382501126'>
            <name>should verify header on inventory page and add to cart</name>
            <title>should verify header on inventory page and add to cart</title>
            <labels>
                <label name='language' value='javascript'/>
                <label name='framework' value='wdio'/>
                <label name='thread' value='0-0'/>
            </labels>
            <parameters>
                <parameter kind='argument' name='browser' value='chrome-91.0.4472.124'/>
            </parameters>
            <steps>
                <step start='1625382501119' status='broken' stop='1625382501126'>
                    <name>GET /session/:sessionId/screenshot</name>
                    <title>GET /session/:sessionId/screenshot</title>
                    <attachments/>
                    <steps/>
                </step>
            </steps>
            <attachments/>
            <failure>
                <message>shop is not defined</message>
                <stack-trace>ReferenceError: shop is not defined
                    at Context.&lt;anonymous> (C:\Users\bvuttur\Desktop\Application\test\specs\sausedemotest.js:17:22)
                    at Context.executeAsync (C:\Users\bvuttur\Desktop\Application\node_modules\@wdio\utils\build\shim.js:136:25)
                    at Context.testFrameworkFnWrapper (C:\Users\bvuttur\Desktop\Application\node_modules\@wdio\utils\build\test-framework\testFnWrapper.js:45:32)</stack-trace>
            </failure>
        </test-case>
        <test-case start='1625382501130' status='broken' stop='1625382501216'>
            <name>should verify header on cart page and click on checkout</name>
            <title>should verify header on cart page and click on checkout</title>
            <labels>
                <label name='language' value='javascript'/>
                <label name='framework' value='wdio'/>
                <label name='thread' value='0-0'/>
            </labels>
            <parameters>
                <parameter kind='argument' name='browser' value='chrome-91.0.4472.124'/>
            </parameters>
            <steps>
                <step start='1625382501208' status='broken' stop='1625382501216'>
                    <name>GET /session/:sessionId/screenshot</name>
                    <title>GET /session/:sessionId/screenshot</title>
                    <attachments/>
                    <steps/>
                </step>
            </steps>
            <attachments/>
            <failure>
                <message>shop is not defined</message>
                <stack-trace>ReferenceError: shop is not defined
                    at Context.&lt;anonymous> (C:\Users\bvuttur\Desktop\Application\test\specs\sausedemotest.js:22:22)
                    at Context.executeAsync (C:\Users\bvuttur\Desktop\Application\node_modules\@wdio\utils\build\shim.js:136:25)
                    at Context.testFrameworkFnWrapper (C:\Users\bvuttur\Desktop\Application\node_modules\@wdio\utils\build\test-framework\testFnWrapper.js:45:32)</stack-trace>
            </failure>
        </test-case>
        <test-case start='1625382501217' status='broken' stop='1625382501233'>
            <name>should verify header on checkout page fill details and click on continue</name>
            <title>should verify header on checkout page fill details and click on continue</title>
            <labels>
                <label name='language' value='javascript'/>
                <label name='framework' value='wdio'/>
                <label name='thread' value='0-0'/>
            </labels>
            <parameters>
                <parameter kind='argument' name='browser' value='chrome-91.0.4472.124'/>
            </parameters>
            <steps>
                <step start='1625382501221' status='broken' stop='1625382501233'>
                    <name>GET /session/:sessionId/screenshot</name>
                    <title>GET /session/:sessionId/screenshot</title>
                    <attachments/>
                    <steps/>
                </step>
            </steps>
            <attachments/>
            <failure>
                <message>shop is not defined</message>
                <stack-trace>ReferenceError: shop is not defined
                    at Context.&lt;anonymous> (C:\Users\bvuttur\Desktop\Application\test\specs\sausedemotest.js:28:22)
                    at Context.executeAsync (C:\Users\bvuttur\Desktop\Application\node_modules\@wdio\utils\build\shim.js:136:25)
                    at Context.testFrameworkFnWrapper (C:\Users\bvuttur\Desktop\Application\node_modules\@wdio\utils\build\test-framework\testFnWrapper.js:45:32)</stack-trace>
            </failure>
        </test-case>
        <test-case start='1625382501242' status='broken' stop='1625382501260'>
            <name>should verify header on check out overview page and click on finish</name>
            <title>should verify header on check out overview page and click on finish</title>
            <labels>
                <label name='language' value='javascript'/>
                <label name='framework' value='wdio'/>
                <label name='thread' value='0-0'/>
            </labels>
            <parameters>
                <parameter kind='argument' name='browser' value='chrome-91.0.4472.124'/>
            </parameters>
            <steps>
                <step start='1625382501249' status='broken' stop='1625382501259'>
                    <name>GET /session/:sessionId/screenshot</name>
                    <title>GET /session/:sessionId/screenshot</title>
                    <attachments/>
                    <steps/>
                </step>
            </steps>
            <attachments/>
            <failure>
                <message>shop is not defined</message>
                <stack-trace>ReferenceError: shop is not defined
                    at Context.&lt;anonymous> (C:\Users\bvuttur\Desktop\Application\test\specs\sausedemotest.js:36:22)
                    at Context.executeAsync (C:\Users\bvuttur\Desktop\Application\node_modules\@wdio\utils\build\shim.js:136:25)
                    at Context.testFrameworkFnWrapper (C:\Users\bvuttur\Desktop\Application\node_modules\@wdio\utils\build\test-framework\testFnWrapper.js:45:32)</stack-trace>
            </failure>
        </test-case>
    </test-cases>
</ns2:test-suite>